{
  "stats": {
    "suites": 4,
    "tests": 8,
    "passes": 7,
    "pending": 0,
    "failures": 1,
    "start": "2021-04-14T05:13:12.124Z",
    "end": "2021-04-14T05:13:41.878Z",
    "duration": 29754,
    "testsRegistered": 8,
    "passPercent": 87.5,
    "pendingPercent": 0,
    "other": 0,
    "hasOther": false,
    "skipped": 0,
    "hasSkipped": false,
    "passPercentClass": "success",
    "pendingPercentClass": "danger"
  },
  "suites": {
    "uuid": "0f297274-bc9c-4d37-94c2-397aff7a42ba",
    "title": "",
    "fullFile": "",
    "file": "",
    "beforeHooks": [],
    "afterHooks": [],
    "tests": [],
    "suites": [
      {
        "uuid": "4bb28c9e-970e-437e-af5b-ee4ada979492",
        "title": "Usuario",
        "fullFile": "C:\\Users\\arnol\\Documents\\GitHub\\ayd2_grupo15\\PRUEBAS\\src\\test\\apis.test.js",
        "file": "\\src\\test\\apis.test.js",
        "beforeHooks": [],
        "afterHooks": [],
        "tests": [],
        "suites": [
          {
            "uuid": "99de8ada-5432-4a03-b34d-e5d97881c7cb",
            "title": "POST /",
            "fullFile": "C:\\Users\\arnol\\Documents\\GitHub\\ayd2_grupo15\\PRUEBAS\\src\\test\\apis.test.js",
            "file": "\\src\\test\\apis.test.js",
            "beforeHooks": [],
            "afterHooks": [],
            "tests": [
              {
                "title": "Guardar un usuario con datos correctos",
                "fullTitle": "Usuario POST / Guardar un usuario con datos correctos",
                "timedOut": false,
                "duration": 188,
                "state": "passed",
                "speed": "slow",
                "pass": true,
                "fail": false,
                "pending": false,
                "code": "chai\n    .request(\"localhost:4001\")\n    .post(\"/user\")\n    .send(userTest)\n    .end((err, res) => {\n        expect(res).to.have.status(201);\n        expect(res.body).to.be.a('object');\n        expect(res.body.user).to.equal(userTest.user);\n        done();\n    });",
                "err": {},
                "isRoot": false,
                "uuid": "af1747bf-6a79-4056-9a67-975bdd6df6b5",
                "isHook": false,
                "skipped": false
              },
              {
                "title": "Guardar un usuario existente",
                "fullTitle": "Usuario POST / Guardar un usuario existente",
                "timedOut": false,
                "duration": 87,
                "state": "passed",
                "speed": "slow",
                "pass": true,
                "fail": false,
                "pending": false,
                "code": "chai\n    .request(\"localhost:4001\")\n    .post(\"/user\")\n    .send(userTest)\n    .end((err, res) => {\n        expect(res).to.have.status(409);\n        expect(res.body).to.be.a('object');\n        expect(res.body.message).to.equal(`El usuario ${userTest.user} ya esta registrado`);\n        done();\n    });",
                "err": {},
                "isRoot": false,
                "uuid": "abf89da9-3057-49ec-be39-378e75cd381f",
                "isHook": false,
                "skipped": false
              },
              {
                "title": "Inentar guardar un usuario con datos incompletos",
                "fullTitle": "Usuario POST / Inentar guardar un usuario con datos incompletos",
                "timedOut": false,
                "duration": 4,
                "state": "passed",
                "speed": "fast",
                "pass": true,
                "fail": false,
                "pending": false,
                "code": "const user = userTest.user;\ndelete userTest.user;\nchai\n    .request(\"localhost:4001\")\n    .post(\"/user\")\n    .send(userTest)\n    .end((err, res) => {\n        expect(res).to.have.status(400);\n        expect(res.body).to.be.a('object');\n        expect(res.body.message).to.equal('No se cuenta con los campos necesarios para el registro');\n        done();\n    });\nuserTest.user = user;",
                "err": {},
                "isRoot": false,
                "uuid": "bab6b2ab-5942-479e-9cb0-c06b88b73e73",
                "isHook": false,
                "skipped": false
              }
            ],
            "suites": [],
            "passes": [
              "af1747bf-6a79-4056-9a67-975bdd6df6b5",
              "abf89da9-3057-49ec-be39-378e75cd381f",
              "bab6b2ab-5942-479e-9cb0-c06b88b73e73"
            ],
            "failures": [],
            "pending": [],
            "skipped": [],
            "duration": 279,
            "root": false,
            "rootEmpty": false,
            "_timeout": 2000
          },
          {
            "uuid": "344eefe8-ec62-455f-a6ec-492304ac1378",
            "title": "DELETE /",
            "fullFile": "C:\\Users\\arnol\\Documents\\GitHub\\ayd2_grupo15\\PRUEBAS\\src\\test\\apis.test.js",
            "file": "\\src\\test\\apis.test.js",
            "beforeHooks": [],
            "afterHooks": [],
            "tests": [
              {
                "title": "Guardar un usuario con datos correctos",
                "fullTitle": "Usuario DELETE / Guardar un usuario con datos correctos",
                "timedOut": false,
                "duration": 156,
                "state": "passed",
                "speed": "slow",
                "pass": true,
                "fail": false,
                "pending": false,
                "code": "chai\n    .request(\"localhost:4005\")\n    .delete(\"/user/\" + userTest.user)\n    .end((err, res) => {\n        expect(res).to.have.status(201);\n        expect(res.body).to.be.a('object');\n        expect(res.body.user).to.equal(userTest.user);\n        done();\n    });",
                "err": {},
                "isRoot": false,
                "uuid": "80ee7267-4ec5-4ca7-8914-ecab7b88322b",
                "isHook": false,
                "skipped": false
              }
            ],
            "suites": [],
            "passes": [
              "80ee7267-4ec5-4ca7-8914-ecab7b88322b"
            ],
            "failures": [],
            "pending": [],
            "skipped": [],
            "duration": 156,
            "root": false,
            "rootEmpty": false,
            "_timeout": 2000
          }
        ],
        "passes": [],
        "failures": [],
        "pending": [],
        "skipped": [],
        "duration": 0,
        "root": false,
        "rootEmpty": false,
        "_timeout": 2000
      },
      {
        "uuid": "d9c9bd8b-5f37-4e51-b818-c9850396b6fc",
        "title": "🧪 Pruebas de integración",
        "fullFile": "C:\\Users\\arnol\\Documents\\GitHub\\ayd2_grupo15\\PRUEBAS\\src\\test\\frontend_test.js",
        "file": "\\src\\test\\frontend_test.js",
        "beforeHooks": [
          {
            "title": "\"before each\" hook",
            "fullTitle": "🧪 Pruebas de integración \"before each\" hook",
            "timedOut": false,
            "duration": 2435,
            "pass": false,
            "fail": false,
            "pending": false,
            "code": "page = new Page();\ndriver = page.driver;\nawait page.visit('http://35.193.58.252:3000/#/login');\n//await page.visit('www.google.com');",
            "err": {},
            "isRoot": false,
            "uuid": "8db1c4e5-7333-4522-a8b7-bfcd67d547d1",
            "isHook": true,
            "skipped": false
          }
        ],
        "afterHooks": [
          {
            "title": "\"after each\" hook",
            "fullTitle": "🧪 Pruebas de integración \"after each\" hook",
            "timedOut": false,
            "duration": 242,
            "pass": false,
            "fail": false,
            "pending": false,
            "code": "await page.quit();",
            "err": {},
            "isRoot": false,
            "uuid": "8b766ac6-236b-4563-b436-52e32fbc979e",
            "isHook": true,
            "skipped": false
          }
        ],
        "tests": [
          {
            "title": "Autenticación correcta: Mostrar el nombre del usuario al iniciar sesión",
            "fullTitle": "🧪 Pruebas de integración Autenticación correcta: Mostrar el nombre del usuario al iniciar sesión",
            "timedOut": false,
            "duration": 0,
            "state": "passed",
            "speed": "fast",
            "pass": true,
            "fail": false,
            "pending": false,
            "code": "console.log('\\n')\n//const result = await page.submitLoginCorrecto();\n//expect(result).to.include('prueba');\n//console.log(\"🚀 Resultado autenticación: \", result)\nexpect(true).to.equal(true);",
            "err": {},
            "isRoot": false,
            "uuid": "a6638e1f-bda7-4833-a798-c20cc30069bf",
            "isHook": false,
            "skipped": false
          },
          {
            "title": "Autenticación incorrecta: Cedenciales erróneas",
            "fullTitle": "🧪 Pruebas de integración Autenticación incorrecta: Cedenciales erróneas",
            "timedOut": false,
            "duration": 1,
            "state": "passed",
            "speed": "fast",
            "pass": true,
            "fail": false,
            "pending": false,
            "code": "console.log('\\n')\n//const result = await page.submitLoginIncorrecto();\n//expect(result).to.include('Error');\n//console.log(\"🚀 Resultado autenticación: \", result)\nexpect(true).to.equal(true);",
            "err": {},
            "isRoot": false,
            "uuid": "0bffd49a-2a9e-4c72-8c8f-794d1ae3308c",
            "isHook": false,
            "skipped": false
          },
          {
            "title": "Agregar un nuevo producto: Creación de un producto",
            "fullTitle": "🧪 Pruebas de integración Agregar un nuevo producto: Creación de un producto",
            "timedOut": false,
            "duration": 18208,
            "state": "failed",
            "pass": false,
            "fail": true,
            "pending": false,
            "code": "console.log('\\n')\nconst result = await page.agregarProducto();\n//expect(result).to.include('Crear');\n//console.log(\"🚀 Resultado crear producto: \", result)\n//expect(result).to.include('Prueba producto');\nexpect(true).to.equal(true);",
            "err": {
              "message": "TimeoutError: Looking for element\nWait timed out after 15193ms",
              "estack": "TimeoutError: Looking for element\nWait timed out after 15193ms\n    at C:\\Users\\arnol\\Documents\\GitHub\\ayd2_grupo15\\PRUEBAS\\node_modules\\selenium-webdriver\\lib\\webdriver.js:894:17\n    at processTicksAndRejections (internal/process/task_queues.js:93:5)"
            },
            "isRoot": false,
            "uuid": "12f9d783-2ef5-4f92-86b6-17ce4adf93da",
            "isHook": false,
            "skipped": false
          },
          {
            "title": "Falló al agregar un nuevo producto: No se debería crear producto",
            "fullTitle": "🧪 Pruebas de integración Falló al agregar un nuevo producto: No se debería crear producto",
            "timedOut": false,
            "duration": 0,
            "state": "passed",
            "speed": "fast",
            "pass": true,
            "fail": false,
            "pending": false,
            "code": "console.log('\\n')\n//const result = await page.fallarAgregarProducto();\n//console.log(\"🚀 Resultado crear producto: \", result)\n               // expect(result).to.include('Campos insuficientes');\nexpect(true).to.equal(true);",
            "err": {},
            "isRoot": false,
            "uuid": "c0797de1-d223-4c33-b763-e0e31e4002dc",
            "isHook": false,
            "skipped": false
          }
        ],
        "suites": [],
        "passes": [
          "a6638e1f-bda7-4833-a798-c20cc30069bf",
          "0bffd49a-2a9e-4c72-8c8f-794d1ae3308c",
          "c0797de1-d223-4c33-b763-e0e31e4002dc"
        ],
        "failures": [
          "12f9d783-2ef5-4f92-86b6-17ce4adf93da"
        ],
        "pending": [],
        "skipped": [],
        "duration": 18209,
        "root": false,
        "rootEmpty": false,
        "_timeout": 50000
      }
    ],
    "passes": [],
    "failures": [],
    "pending": [],
    "skipped": [],
    "duration": 0,
    "root": true,
    "rootEmpty": true,
    "_timeout": 2000
  },
  "copyrightYear": 2021
}